<?xml version="1.0" encoding="UTF-8"?>
<!-- Generated by org.testng.reporters.JUnitReportReporter -->
<testsuite hostname="ULTP_547" name="com.mvn.test.abcd" tests="3" failures="0" timestamp="11 Sep 2018 05:51:00 GMT" time="21.478" errors="0">
  <testcase name="demo2" time="0.002" classname="com.mvn.test.abcd"/>
  <testcase name="demo3" time="0.004" classname="com.mvn.test.abcd"/>
  <testcase name="demo" time="21.472" classname="com.mvn.test.abcd"/>
</testsuite> <!-- com.mvn.test.abcd -->
