<?xml version="1.0" encoding="UTF-8"?>
<!-- Generated by org.testng.reporters.JUnitReportReporter -->
<testsuite hostname="ULTP_547" name="com.mvn.test.abcd" tests="4" failures="0" timestamp="11 Sep 2018 11:22:26 GMT" time="24.529" errors="0">
  <testcase name="demo2" time="0.002" classname="com.mvn.test.abcd"/>
  <testcase name="demo" time="22.502" classname="com.mvn.test.abcd"/>
  <testcase name="demo4" time="2.022" classname="com.mvn.test.abcd"/>
  <testcase name="demo3" time="0.003" classname="com.mvn.test.abcd"/>
</testsuite> <!-- com.mvn.test.abcd -->
